{
  "RSpec": {
    "coverage": {
      "/home/qi31/projects/url_shortner/lib/url_shortner.rb": [
        1,
        1,
        1,
        null,
        null
      ],
      "/home/qi31/projects/url_shortner/app/models/shorten_url.rb": [
        1,
        1,
        null,
        1,
        1,
        null,
        1,
        1,
        null,
        null
      ],
      "/home/qi31/projects/url_shortner/app/models/url.rb": [
        1,
        1,
        null,
        1,
        null,
        1,
        null,
        1,
        1,
        null,
        null
      ],
      "/home/qi31/projects/url_shortner/app/helpers/application_helper.rb": [
        1,
        null
      ],
      "/home/qi31/projects/url_shortner/app/controllers/urls_controller.rb": [
        0,
        0,
        0,
        0,
        null,
        0,
        0,
        0,
        0,
        null,
        0,
        0,
        0,
        0,
        0,
        0
      ],
      "/home/qi31/projects/url_shortner/app/controllers/application_controller.rb": [
        0,
        null,
        null,
        0,
        0
      ]
    },
    "timestamp": 1505280238
  }
}
